c:\users\zyy\desktop\4th grade 1\vj\game2d\2dgame\02-bubble\02-bubble\debug\vc140.pdb
c:\users\zyy\desktop\4th grade 1\vj\game2d\2dgame\02-bubble\02-bubble\debug\vc140.idb
c:\users\zyy\desktop\4th grade 1\vj\game2d\2dgame\02-bubble\02-bubble\debug\game.obj
c:\users\zyy\desktop\4th grade 1\vj\game2d\2dgame\02-bubble\02-bubble\debug\gameover.obj
c:\users\zyy\desktop\4th grade 1\vj\game2d\2dgame\02-bubble\02-bubble\debug\info.obj
c:\users\zyy\desktop\4th grade 1\vj\game2d\2dgame\02-bubble\02-bubble\debug\key.obj
c:\users\zyy\desktop\4th grade 1\vj\game2d\2dgame\02-bubble\02-bubble\debug\levelselection.obj
c:\users\zyy\desktop\4th grade 1\vj\game2d\2dgame\02-bubble\02-bubble\debug\menu.obj
c:\users\zyy\desktop\4th grade 1\vj\game2d\2dgame\02-bubble\02-bubble\debug\paddle.obj
c:\users\zyy\desktop\4th grade 1\vj\game2d\2dgame\02-bubble\02-bubble\debug\player.obj
c:\users\zyy\desktop\4th grade 1\vj\game2d\2dgame\02-bubble\02-bubble\debug\portal.obj
c:\users\zyy\desktop\4th grade 1\vj\game2d\2dgame\02-bubble\02-bubble\debug\scene.obj
c:\users\zyy\desktop\4th grade 1\vj\game2d\2dgame\02-bubble\02-bubble\debug\shader.obj
c:\users\zyy\desktop\4th grade 1\vj\game2d\2dgame\02-bubble\02-bubble\debug\shaderprogram.obj
c:\users\zyy\desktop\4th grade 1\vj\game2d\2dgame\02-bubble\02-bubble\debug\sprite.obj
c:\users\zyy\desktop\4th grade 1\vj\game2d\2dgame\02-bubble\02-bubble\debug\text.obj
c:\users\zyy\desktop\4th grade 1\vj\game2d\2dgame\02-bubble\02-bubble\debug\texture.obj
c:\users\zyy\desktop\4th grade 1\vj\game2d\2dgame\02-bubble\02-bubble\debug\texturedquad.obj
c:\users\zyy\desktop\4th grade 1\vj\game2d\2dgame\02-bubble\02-bubble\debug\tilemap.obj
c:\users\zyy\desktop\4th grade 1\vj\game2d\2dgame\02-bubble\02-bubble\debug\win.obj
c:\users\zyy\desktop\4th grade 1\vj\game2d\2dgame\02-bubble\02-bubble\debug\winnie.obj
c:\users\zyy\desktop\4th grade 1\vj\game2d\2dgame\02-bubble\02-bubble\debug\main.obj
c:\users\zyy\desktop\4th grade 1\vj\game2d\2dgame\02-bubble\02-bubble\debug\ball.obj
c:\users\zyy\desktop\4th grade 1\vj\game2d\2dgame\02-bubble\02-bubble\debug\credits.obj
c:\users\zyy\desktop\4th grade 1\vj\game2d\2dgame\02-bubble\debug\02-bubble.ilk
c:\users\zyy\desktop\4th grade 1\vj\game2d\2dgame\02-bubble\debug\02-bubble.exe
c:\users\zyy\desktop\4th grade 1\vj\game2d\2dgame\02-bubble\debug\02-bubble.pdb
c:\users\moha1\desktop\b\iwanttobreakin\2dgame\02-bubble\02-bubble\debug\ball.obj
c:\users\moha1\desktop\b\iwanttobreakin\2dgame\02-bubble\02-bubble\debug\credits.obj
c:\users\moha1\desktop\b\iwanttobreakin\2dgame\02-bubble\02-bubble\debug\game.obj
c:\users\moha1\desktop\b\iwanttobreakin\2dgame\02-bubble\02-bubble\debug\gameover.obj
c:\users\moha1\desktop\b\iwanttobreakin\2dgame\02-bubble\02-bubble\debug\info.obj
c:\users\moha1\desktop\b\iwanttobreakin\2dgame\02-bubble\02-bubble\debug\key.obj
c:\users\moha1\desktop\b\iwanttobreakin\2dgame\02-bubble\02-bubble\debug\levelselection.obj
c:\users\moha1\desktop\b\iwanttobreakin\2dgame\02-bubble\02-bubble\debug\main.obj
c:\users\moha1\desktop\b\iwanttobreakin\2dgame\02-bubble\02-bubble\debug\menu.obj
c:\users\moha1\desktop\b\iwanttobreakin\2dgame\02-bubble\02-bubble\debug\paddle.obj
c:\users\moha1\desktop\b\iwanttobreakin\2dgame\02-bubble\02-bubble\debug\player.obj
c:\users\moha1\desktop\b\iwanttobreakin\2dgame\02-bubble\02-bubble\debug\portal.obj
c:\users\moha1\desktop\b\iwanttobreakin\2dgame\02-bubble\02-bubble\debug\scene.obj
c:\users\moha1\desktop\b\iwanttobreakin\2dgame\02-bubble\02-bubble\debug\shader.obj
c:\users\moha1\desktop\b\iwanttobreakin\2dgame\02-bubble\02-bubble\debug\shaderprogram.obj
c:\users\moha1\desktop\b\iwanttobreakin\2dgame\02-bubble\02-bubble\debug\sprite.obj
c:\users\moha1\desktop\b\iwanttobreakin\2dgame\02-bubble\02-bubble\debug\text.obj
c:\users\moha1\desktop\b\iwanttobreakin\2dgame\02-bubble\02-bubble\debug\texture.obj
c:\users\moha1\desktop\b\iwanttobreakin\2dgame\02-bubble\02-bubble\debug\texturedquad.obj
c:\users\moha1\desktop\b\iwanttobreakin\2dgame\02-bubble\02-bubble\debug\tilemap.obj
c:\users\moha1\desktop\b\iwanttobreakin\2dgame\02-bubble\02-bubble\debug\win.obj
c:\users\moha1\desktop\b\iwanttobreakin\2dgame\02-bubble\02-bubble\debug\winnie.obj
c:\users\moha1\desktop\b\iwanttobreakin\2dgame\02-bubble\02-bubble\debug\tilemap.obj.enc
c:\users\moha1\desktop\b\iwanttobreakin\2dgame\02-bubble\02-bubble\debug\vc140.idb
c:\users\moha1\desktop\b\iwanttobreakin\2dgame\02-bubble\02-bubble\debug\vc140.pdb
c:\users\moha1\desktop\b\iwanttobreakin\2dgame\02-bubble\debug\02-bubble.pdb
c:\users\moha1\desktop\b\iwanttobreakin\2dgame\02-bubble\debug\02-bubble.exe
c:\users\moha1\desktop\b\iwanttobreakin\2dgame\02-bubble\debug\02-bubble.ilk
c:\users\moha1\desktop\b\iwanttobreakin\2dgame\02-bubble\02-bubble\debug\02-bubble.tlog\cl.command.1.tlog
c:\users\moha1\desktop\b\iwanttobreakin\2dgame\02-bubble\02-bubble\debug\02-bubble.tlog\cl.read.1.tlog
c:\users\moha1\desktop\b\iwanttobreakin\2dgame\02-bubble\02-bubble\debug\02-bubble.tlog\cl.write.1.tlog
c:\users\moha1\desktop\b\iwanttobreakin\2dgame\02-bubble\02-bubble\debug\02-bubble.tlog\link.command.1.tlog
c:\users\moha1\desktop\b\iwanttobreakin\2dgame\02-bubble\02-bubble\debug\02-bubble.tlog\link.read.1.tlog
c:\users\moha1\desktop\b\iwanttobreakin\2dgame\02-bubble\02-bubble\debug\02-bubble.tlog\link.write.1.tlog
